\BOOKMARK [1][-]{section.1}{\376\377\000I\000n\000t\000r\000o\000d\000u\000c\000c\000i\000\363\000n}{}% 1
\BOOKMARK [1][-]{section.2}{\376\377\000J\000u\000s\000t\000i\000f\000i\000c\000a\000c\000i\000\363\000n\000\040\000d\000e\000l\000\040\000t\000e\000m\000a\000\040\000e\000l\000e\000g\000i\000d\000o}{}% 2
\BOOKMARK [1][-]{section.3}{\376\377\000O\000b\000j\000e\000t\000i\000v\000o\000s}{}% 3
\BOOKMARK [1][-]{section.4}{\376\377\000M\000e\000t\000o\000d\000o\000l\000o\000g\000\355\000a}{}% 4
\BOOKMARK [1][-]{section.5}{\376\377\000T\000e\000c\000n\000o\000l\000o\000g\000\355\000a\000s\000\040\000y\000\040\000h\000e\000r\000r\000a\000m\000i\000e\000n\000t\000a\000s\000\040\000u\000s\000a\000d\000a\000s\000\040\000e\000n\000\040\000e\000l\000\040\000p\000r\000o\000y\000e\000c\000t\000o}{}% 5
\BOOKMARK [2][-]{subsection.5.1}{\376\377\000J\000u\000s\000t\000i\000f\000i\000c\000a\000c\000i\000\363\000n\000\040\000d\000e\000\040\000l\000a\000\040\000s\000e\000l\000e\000c\000c\000i\000\363\000n\000\040\000t\000e\000c\000n\000o\000l\000\363\000g\000i\000c\000a}{section.5}% 6
\BOOKMARK [3][-]{subsubsection.5.1.1}{\376\377\000A\000n\000g\000u\000l\000a\000r\000\040\0001\0007\000\040\000c\000o\000m\000o\000\040\000f\000r\000a\000m\000e\000w\000o\000r\000k\000\040\000f\000r\000o\000n\000t\000e\000n\000d}{subsection.5.1}% 7
\BOOKMARK [3][-]{subsubsection.5.1.2}{\376\377\000T\000a\000i\000l\000w\000i\000n\000d\000\040\000C\000S\000S\000\040\000v\0004\000\040\000p\000a\000r\000a\000\040\000e\000s\000t\000i\000l\000o\000s}{subsection.5.1}% 8
\BOOKMARK [3][-]{subsubsection.5.1.3}{\376\377\000R\000u\000s\000t\000\040\000p\000a\000r\000a\000\040\000l\000a\000\040\000c\000a\000p\000a\000\040\000b\000a\000c\000k\000e\000n\000d}{subsection.5.1}% 9
\BOOKMARK [3][-]{subsubsection.5.1.4}{\376\377\000T\000a\000u\000r\000i\000\040\000c\000o\000m\000o\000\040\000f\000r\000a\000m\000e\000w\000o\000r\000k\000\040\000d\000e\000\040\000e\000m\000p\000a\000q\000u\000e\000t\000a\000d\000o}{subsection.5.1}% 10
\BOOKMARK [3][-]{subsubsection.5.1.5}{\376\377\000S\000Q\000L\000i\000t\000e\000\040\000p\000a\000r\000a\000\040\000p\000e\000r\000s\000i\000s\000t\000e\000n\000c\000i\000a\000\040\000d\000e\000\040\000d\000a\000t\000o\000s}{subsection.5.1}% 11
\BOOKMARK [2][-]{subsection.5.2}{\376\377\000E\000n\000t\000o\000r\000n\000o\000\040\000d\000e\000\040\000d\000e\000s\000a\000r\000r\000o\000l\000l\000o}{section.5}% 12
\BOOKMARK [1][-]{section.6}{\376\377\000E\000s\000p\000e\000c\000i\000f\000i\000c\000a\000c\000i\000\363\000n\000\040\000d\000e\000\040\000R\000e\000q\000u\000i\000s\000i\000t\000o\000s\000\040\000d\000e\000\040\000S\000o\000f\000t\000w\000a\000r\000e}{}% 13
\BOOKMARK [1][-]{section.7}{\376\377\000D\000e\000s\000p\000l\000i\000e\000g\000u\000e\000\040\000y\000\040\000p\000r\000u\000e\000b\000a\000s}{}% 14
\BOOKMARK [2][-]{subsection.7.1}{\376\377\000D\000e\000s\000p\000l\000i\000e\000g\000u\000e\000\040\000d\000e\000\040\000l\000a\000\040\000a\000p\000l\000i\000c\000a\000c\000i\000\363\000n}{section.7}% 15
\BOOKMARK [2][-]{subsection.7.2}{\376\377\000P\000r\000u\000e\000b\000a\000s\000\040\000r\000e\000a\000l\000i\000z\000a\000d\000a\000s}{section.7}% 16
\BOOKMARK [3][-]{subsubsection.7.2.1}{\376\377\000P\000r\000u\000e\000b\000a\000s\000\040\000d\000e\000\040\000i\000n\000t\000e\000g\000r\000a\000c\000i\000\363\000n}{subsection.7.2}% 17
\BOOKMARK [3][-]{subsubsection.7.2.2}{\376\377\000P\000r\000u\000e\000b\000a\000s\000\040\000d\000e\000\040\000u\000s\000a\000b\000i\000l\000i\000d\000a\000d}{subsection.7.2}% 18
\BOOKMARK [1][-]{section.8}{\376\377\000E\000s\000t\000a\000d\000o\000\040\000d\000e\000l\000\040\000a\000r\000t\000e}{}% 19
\BOOKMARK [2][-]{subsection.8.1}{\376\377\000P\000a\000n\000o\000r\000a\000m\000a\000\040\000a\000c\000t\000u\000a\000l\000\040\000d\000e\000\040\000l\000a\000\040\000r\000e\000p\000r\000o\000d\000u\000c\000c\000i\000\363\000n\000\040\000m\000u\000s\000i\000c\000a\000l\000\040\000d\000i\000g\000i\000t\000a\000l}{section.8}% 20
\BOOKMARK [2][-]{subsection.8.2}{\376\377\000P\000l\000a\000t\000a\000f\000o\000r\000m\000a\000s\000\040\000d\000e\000\040\000s\000t\000r\000e\000a\000m\000i\000n\000g\000:\000\040\000h\000e\000g\000e\000m\000o\000n\000\355\000a\000\040\000c\000o\000n\000\040\000l\000i\000m\000i\000t\000a\000c\000i\000o\000n\000e\000s}{section.8}% 21
\BOOKMARK [2][-]{subsection.8.3}{\376\377\000R\000e\000p\000r\000o\000d\000u\000c\000t\000o\000r\000e\000s\000\040\000l\000o\000c\000a\000l\000e\000s\000\040\000t\000r\000a\000d\000i\000c\000i\000o\000n\000a\000l\000e\000s\000:\000\040\000c\000o\000n\000t\000r\000o\000l\000\040\000c\000o\000n\000\040\000o\000b\000s\000o\000l\000e\000s\000c\000e\000n\000c\000i\000a}{section.8}% 22
\BOOKMARK [2][-]{subsection.8.4}{\376\377\000A\000n\000\341\000l\000i\000s\000i\000s\000\040\000c\000o\000m\000p\000a\000r\000a\000t\000i\000v\000o\000\040\000y\000\040\000e\000s\000p\000a\000c\000i\000o\000\040\000d\000e\000\040\000o\000p\000o\000r\000t\000u\000n\000i\000d\000a\000d}{section.8}% 23
\BOOKMARK [2][-]{subsection.8.5}{\376\377\000P\000r\000o\000p\000u\000e\000s\000t\000a\000\040\000d\000e\000\040\000v\000a\000l\000o\000r\000\040\000d\000i\000f\000e\000r\000e\000n\000c\000i\000a\000d\000a}{section.8}% 24
\BOOKMARK [1][-]{section.9}{\376\377\000P\000r\000o\000f\000u\000n\000d\000i\000z\000a\000c\000i\000\363\000n\000\040\000d\000e\000\040\000c\000o\000n\000c\000e\000p\000t\000o\000s}{}% 25
\BOOKMARK [2][-]{subsection.9.1}{\376\377\000F\000r\000o\000n\000t\000e\000n\000d}{section.9}% 26
\BOOKMARK [3][-]{subsubsection.9.1.1}{\376\377\000P\000l\000a\000y\000b\000a\000r}{subsection.9.1}% 27
\BOOKMARK [3][-]{subsubsection.9.1.2}{\376\377\000S\000i\000d\000e\000b\000a\000r}{subsection.9.1}% 28
\BOOKMARK [3][-]{subsubsection.9.1.3}{\376\377\000M\000a\000i\000n\000s\000c\000r\000e\000e\000n}{subsection.9.1}% 29
\BOOKMARK [3][-]{subsubsection.9.1.4}{\376\377\000S\000e\000r\000v\000i\000c\000i\000o\000s}{subsection.9.1}% 30
\BOOKMARK [2][-]{subsection.9.2}{\376\377\000B\000a\000c\000k\000e\000n\000d}{section.9}% 31
\BOOKMARK [3][-]{subsubsection.9.2.1}{\376\377\000T\000a\000u\000r\000i\000\040\000A\000P\000I}{subsection.9.2}% 32
\BOOKMARK [3][-]{subsubsection.9.2.2}{\376\377\000D\000i\000s\000e\000\361\000o\000\040\000d\000e\000\040\000l\000a\000\040\000b\000a\000s\000e\000\040\000d\000e\000\040\000d\000a\000t\000o\000s}{subsection.9.2}% 33
\BOOKMARK [3][-]{subsubsection.9.2.3}{\376\377\000L\000o\000g\000i\000c\000a}{subsection.9.2}% 34
\BOOKMARK [1][-]{section.10}{\376\377\000C\000o\000n\000c\000l\000u\000s\000i\000o\000n\000e\000s}{}% 35
\BOOKMARK [2][-]{subsection.10.1}{\376\377\000L\000o\000g\000r\000o\000s\000\040\000p\000r\000i\000n\000c\000i\000p\000a\000l\000e\000s}{section.10}% 36
\BOOKMARK [2][-]{subsection.10.2}{\376\377\000D\000i\000f\000i\000c\000u\000l\000t\000a\000d\000e\000s\000\040\000c\000l\000a\000v\000e}{section.10}% 37
\BOOKMARK [2][-]{subsection.10.3}{\376\377\000V\000a\000l\000o\000r\000a\000c\000i\000\363\000n\000\040\000g\000l\000o\000b\000a\000l}{section.10}% 38
\BOOKMARK [3][-]{subsubsection.10.3.1}{\376\377\000P\000a\000g\000i\000n\000a\000s\000\040\000w\000e\000b\000s\000\040\000v\000i\000s\000i\000t\000a\000d\000a\000s\000\040\000d\000u\000r\000a\000n\000t\000e\000\040\000e\000l\000\040\000d\000e\000s\000a\000r\000r\000o\000l\000l\000o}{subsection.10.3}% 39
