This is pdfTeX, Version 3.141592653-2.6-1.40.26 (TeX Live 2024/nixos.org) (preloaded format=pdflatex 1980.1.1)  26 MAY 2025 02:52
entering extended mode
 restricted \write18 enabled.
 file:line:error style messages enabled.
 %&-line parsing enabled.
**/home/belz/Proyectos/DocumentacionMusy/docfile.tex
(/home/belz/Proyectos/DocumentacionMusy/docfile.tex
LaTeX2e <2024-11-01> patch level 2
L3 programming layer <2025-01-18>
(/nix/store/vafgi83lld6zk7h5slx2zcd198f05v2p-texlive-2024-env-texmfdist/tex/latex/base/article.cls
Document Class: article 2024/06/29 v1.4n Standard LaTeX document class
(/nix/store/vafgi83lld6zk7h5slx2zcd198f05v2p-texlive-2024-env-texmfdist/tex/latex/base/size12.clo
File: size12.clo 2024/06/29 v1.4n Standard LaTeX file (size option)
)
\c@part=\count196
\c@section=\count197
\c@subsection=\count198
\c@subsubsection=\count199
\c@paragraph=\count266
\c@subparagraph=\count267
\c@figure=\count268
\c@table=\count269
\abovecaptionskip=\skip49
\belowcaptionskip=\skip50
\bibindent=\dimen141
) (/nix/store/vafgi83lld6zk7h5slx2zcd198f05v2p-texlive-2024-env-texmfdist/tex/latex/base/inputenc.sty
Package: inputenc 2024/02/08 v1.3d Input encoding file
\inpenc@prehook=\toks17
\inpenc@posthook=\toks18
) (/nix/store/vafgi83lld6zk7h5slx2zcd198f05v2p-texlive-2024-env-texmfdist/tex/generic/babel/babel.sty
Package: babel 2025/02/14 v25.4 The multilingual framework for pdfLaTeX, LuaLaTeX and XeLaTeX
\babel@savecnt=\count270
\U@D=\dimen142
\l@unhyphenated=\language90
 (/nix/store/vafgi83lld6zk7h5slx2zcd198f05v2p-texlive-2024-env-texmfdist/tex/generic/babel/txtbabel.def)
\bbl@readstream=\read2
\bbl@dirlevel=\count271
 (/nix/store/vafgi83lld6zk7h5slx2zcd198f05v2p-texlive-2024-env-texmfdist/tex/generic/babel-spanish/spanish.ldf
Language: spanish.ldf 2021/05/27 v5.0q Spanish support from the babel system
\es@quottoks=\toks19
\es@quotdepth=\count272
Package babel Info: Making " an active character on input line 570.
Package babel Info: Making . an active character on input line 675.
Package babel Info: Making < an active character on input line 722.
Package babel Info: Making > an active character on input line 722.
)) (/nix/store/vafgi83lld6zk7h5slx2zcd198f05v2p-texlive-2024-env-texmfdist/tex/generic/babel/locale/es/babel-spanish.tex
Package babel Info: Importing font and identification data for spanish
(babel)             from babel-es.ini. Reported on input line 11.
) (/nix/store/vafgi83lld6zk7h5slx2zcd198f05v2p-texlive-2024-env-texmfdist/tex/latex/amsmath/amsmath.sty
Package: amsmath 2024/11/05 v2.17t AMS math features
\@mathmargin=\skip51

For additional information on amsmath, use the `?' option.
(/nix/store/vafgi83lld6zk7h5slx2zcd198f05v2p-texlive-2024-env-texmfdist/tex/latex/amsmath/amstext.sty
Package: amstext 2021/08/26 v2.01 AMS text
 (/nix/store/vafgi83lld6zk7h5slx2zcd198f05v2p-texlive-2024-env-texmfdist/tex/latex/amsmath/amsgen.sty
File: amsgen.sty 1999/11/30 v2.0 generic functions
\@emptytoks=\toks20
\ex@=\dimen143
)) (/nix/store/vafgi83lld6zk7h5slx2zcd198f05v2p-texlive-2024-env-texmfdist/tex/latex/amsmath/amsbsy.sty
Package: amsbsy 1999/11/29 v1.2d Bold Symbols
\pmbraise@=\dimen144
) (/nix/store/vafgi83lld6zk7h5slx2zcd198f05v2p-texlive-2024-env-texmfdist/tex/latex/amsmath/amsopn.sty
Package: amsopn 2022/04/08 v2.04 operator names
)
\inf@bad=\count273
LaTeX Info: Redefining \frac on input line 233.
\uproot@=\count274
\leftroot@=\count275
LaTeX Info: Redefining \overline on input line 398.
LaTeX Info: Redefining \colon on input line 409.
\classnum@=\count276
\DOTSCASE@=\count277
LaTeX Info: Redefining \ldots on input line 495.
LaTeX Info: Redefining \dots on input line 498.
LaTeX Info: Redefining \cdots on input line 619.
\Mathstrutbox@=\box52
\strutbox@=\box53
LaTeX Info: Redefining \big on input line 721.
LaTeX Info: Redefining \Big on input line 722.
LaTeX Info: Redefining \bigg on input line 723.
LaTeX Info: Redefining \Bigg on input line 724.
\big@size=\dimen145
LaTeX Font Info:    Redeclaring font encoding OML on input line 742.
LaTeX Font Info:    Redeclaring font encoding OMS on input line 743.
\macc@depth=\count278
LaTeX Info: Redefining \bmod on input line 904.
LaTeX Info: Redefining \pmod on input line 909.
LaTeX Info: Redefining \smash on input line 939.
LaTeX Info: Redefining \relbar on input line 969.
LaTeX Info: Redefining \Relbar on input line 970.
\c@MaxMatrixCols=\count279
\dotsspace@=\muskip17
\c@parentequation=\count280
\dspbrk@lvl=\count281
\tag@help=\toks21
\row@=\count282
\column@=\count283
\maxfields@=\count284
\andhelp@=\toks22
\eqnshift@=\dimen146
\alignsep@=\dimen147
\tagshift@=\dimen148
\tagwidth@=\dimen149
\totwidth@=\dimen150
\lineht@=\dimen151
\@envbody=\toks23
\multlinegap=\skip52
\multlinetaggap=\skip53
\mathdisplay@stack=\toks24
LaTeX Info: Redefining \[ on input line 2953.
LaTeX Info: Redefining \] on input line 2954.
) (/nix/store/vafgi83lld6zk7h5slx2zcd198f05v2p-texlive-2024-env-texmfdist/tex/latex/graphics/graphicx.sty
Package: graphicx 2021/09/16 v1.2d Enhanced LaTeX Graphics (DPC,SPQR)
 (/nix/store/vafgi83lld6zk7h5slx2zcd198f05v2p-texlive-2024-env-texmfdist/tex/latex/graphics/keyval.sty
Package: keyval 2022/05/29 v1.15 key=value parser (DPC)
\KV@toks@=\toks25
) (/nix/store/vafgi83lld6zk7h5slx2zcd198f05v2p-texlive-2024-env-texmfdist/tex/latex/graphics/graphics.sty
Package: graphics 2024/08/06 v1.4g Standard LaTeX Graphics (DPC,SPQR)
 (/nix/store/vafgi83lld6zk7h5slx2zcd198f05v2p-texlive-2024-env-texmfdist/tex/latex/graphics/trig.sty
Package: trig 2023/12/02 v1.11 sin cos tan (DPC)
) (/nix/store/vafgi83lld6zk7h5slx2zcd198f05v2p-texlive-2024-env-texmfdist/tex/latex/graphics-cfg/graphics.cfg
File: graphics.cfg 2016/06/04 v1.11 sample graphics configuration
)
Package graphics Info: Driver file: pdftex.def on input line 106.
 (/nix/store/vafgi83lld6zk7h5slx2zcd198f05v2p-texlive-2024-env-texmfdist/tex/latex/graphics-def/pdftex.def
File: pdftex.def 2024/04/13 v1.2c Graphics/color driver for pdftex
))
\Gin@req@height=\dimen152
\Gin@req@width=\dimen153
) (/nix/store/vafgi83lld6zk7h5slx2zcd198f05v2p-texlive-2024-env-texmfdist/tex/latex/l3backend/l3backend-pdftex.def
File: l3backend-pdftex.def 2024-05-08 L3 backend support: PDF output (pdfTeX)
\l__color_backend_stack_int=\count285
\l__pdf_internal_box=\box54
) (build/docfile.aux
LaTeX Info: Redefining \. on input line 8.
LaTeX Info: Redefining \% on input line 8.
)
\openout1 = `docfile.aux'.

LaTeX Font Info:    Checking defaults for OML/cmm/m/it on input line 11.
LaTeX Font Info:    ... okay on input line 11.
LaTeX Font Info:    Checking defaults for OMS/cmsy/m/n on input line 11.
LaTeX Font Info:    ... okay on input line 11.
LaTeX Font Info:    Checking defaults for OT1/cmr/m/n on input line 11.
LaTeX Font Info:    ... okay on input line 11.
LaTeX Font Info:    Checking defaults for T1/cmr/m/n on input line 11.
LaTeX Font Info:    ... okay on input line 11.
LaTeX Font Info:    Checking defaults for TS1/cmr/m/n on input line 11.
LaTeX Font Info:    ... okay on input line 11.
LaTeX Font Info:    Checking defaults for OMX/cmex/m/n on input line 11.
LaTeX Font Info:    ... okay on input line 11.
LaTeX Font Info:    Checking defaults for U/cmr/m/n on input line 11.
LaTeX Font Info:    ... okay on input line 11.
LaTeX Info: Redefining \. on input line 11.
LaTeX Info: Redefining \% on input line 11.
 (/nix/store/vafgi83lld6zk7h5slx2zcd198f05v2p-texlive-2024-env-texmfdist/tex/context/base/mkii/supp-pdf.mkii
[Loading MPS to PDF converter (version 2006.09.02).]
\scratchcounter=\count286
\scratchdimen=\dimen154
\scratchbox=\box55
\nofMPsegments=\count287
\nofMParguments=\count288
\everyMPshowfont=\toks26
\MPscratchCnt=\count289
\MPscratchDim=\dimen155
\MPnumerator=\count290
\makeMPintoPDFobject=\count291
\everyMPtoPDFconversion=\toks27
) (/nix/store/vafgi83lld6zk7h5slx2zcd198f05v2p-texlive-2024-env-texmfdist/tex/latex/epstopdf-pkg/epstopdf-base.sty
Package: epstopdf-base 2020-01-24 v2.11 Base part for package epstopdf
Package epstopdf-base Info: Redefining graphics rule for `.eps' on input line 485.
 (/nix/store/vafgi83lld6zk7h5slx2zcd198f05v2p-texlive-2024-env-texmfdist/tex/latex/latexconfig/epstopdf-sys.cfg
File: epstopdf-sys.cfg 2010/07/13 v1.3 Configuration of (r)epstopdf for TeX Live
))

[1

{/nix/store/grwqh1kmrdhb493jxspm0z9hys2zhip0-texlive-2024-env/share/texmf-var/fonts/map/pdftex/updmap/pdftex.map}] (build/docfile.aux
LaTeX Info: Redefining \. on input line 8.
LaTeX Info: Redefining \% on input line 8.
)
 ***********
LaTeX2e <2024-11-01> patch level 2
L3 programming layer <2025-01-18>
 ***********
 ) 
Here is how much of TeX's memory you used:
 3485 strings out of 473203
 57957 string characters out of 5692202
 459152 words of memory out of 5000000
 26731 multiletter control sequences out of 15000+600000
 565355 words of font info for 59 fonts, out of 8000000 for 9000
 1141 hyphenation exceptions out of 8191
 57i,6n,65p,305b,365s stack positions out of 10000i,1000n,20000p,200000b,200000s
</nix/store/vafgi83lld6zk7h5slx2zcd198f05v2p-texlive-2024-env-texmfdist/fonts/type1/public/amsfonts/cm/cmbx12.pfb></nix/store/vafgi83lld6zk7h5slx2zcd198f05v2p-texlive-2024-env-texmfdist/fonts/type1/public/amsfonts/cm/cmex10.pfb></nix/store/vafgi83lld6zk7h5slx2zcd198f05v2p-texlive-2024-env-texmfdist/fonts/type1/public/amsfonts/cm/cmmi12.pfb></nix/store/vafgi83lld6zk7h5slx2zcd198f05v2p-texlive-2024-env-texmfdist/fonts/type1/public/amsfonts/cm/cmmi8.pfb></nix/store/vafgi83lld6zk7h5slx2zcd198f05v2p-texlive-2024-env-texmfdist/fonts/type1/public/amsfonts/cm/cmr12.pfb></nix/store/vafgi83lld6zk7h5slx2zcd198f05v2p-texlive-2024-env-texmfdist/fonts/type1/public/amsfonts/cm/cmr17.pfb></nix/store/vafgi83lld6zk7h5slx2zcd198f05v2p-texlive-2024-env-texmfdist/fonts/type1/public/amsfonts/cm/cmr8.pfb>
Output written on build/docfile.pdf (1 page, 73975 bytes).
PDF statistics:
 43 PDF objects out of 1000 (max. 8388607)
 25 compressed objects within 1 object stream
 0 named destinations out of 1000 (max. 500000)
 1 words of extra memory for PDF output out of 10000 (max. 10000000)

